<?xml version="1.0" encoding="UTF-8"?>
<!-- Generated by org.testng.reporters.JUnitXMLReporter -->
<testsuite ignored="0" hostname="Sonam" failures="2" tests="4" name="UI Automation Framework Test" time="64.899" errors="0" timestamp="2025-11-27T23:32:32 IST">
  <testcase classname="com.ui.testscripts.LoginTest" name="loginwithCsvData" time="1.654">
    <skipped/>
  </testcase> <!-- loginwithCsvData -->
  <testcase classname="com.ui.testscripts.LoginTest" name="loginwithCsvData" time="1.599">
    <failure type="java.lang.NullPointerException">
      <![CDATA[java.lang.NullPointerException
at com.ui.utility.WebElementAction.sendValue(WebElementAction.java:51)
at com.ui.pages.LoginPage.login(LoginPage.java:32)
at com.ui.testscripts.LoginTest.loginwithCsvData(LoginTest.java:29)
at java.base/java.util.concurrent.Executors$RunnableAdapter.call(Executors.java:515)
at java.base/java.util.concurrent.FutureTask.run(FutureTask.java:264)
at java.base/java.util.concurrent.ThreadPoolExecutor.runWorker(ThreadPoolExecutor.java:1128)
at java.base/java.util.concurrent.ThreadPoolExecutor$Worker.run(ThreadPoolExecutor.java:628)
at java.base/java.lang.Thread.run(Thread.java:834)
... Removed 13 stack frames]]>
    </failure>
  </testcase> <!-- loginwithCsvData -->
  <testcase classname="com.ui.testscripts.LoginTest" name="loginwithCsvData" time="1.096">
    <skipped/>
  </testcase> <!-- loginwithCsvData -->
  <testcase classname="com.ui.testscripts.LoginTest" name="loginwithCsvData" time="1.139">
    <failure type="java.lang.NullPointerException">
      <![CDATA[java.lang.NullPointerException
at com.ui.utility.WebElementAction.sendValue(WebElementAction.java:51)
at com.ui.pages.LoginPage.login(LoginPage.java:32)
at com.ui.testscripts.LoginTest.loginwithCsvData(LoginTest.java:29)
at java.base/java.util.concurrent.Executors$RunnableAdapter.call(Executors.java:515)
at java.base/java.util.concurrent.FutureTask.run(FutureTask.java:264)
at java.base/java.util.concurrent.ThreadPoolExecutor.runWorker(ThreadPoolExecutor.java:1128)
at java.base/java.util.concurrent.ThreadPoolExecutor$Worker.run(ThreadPoolExecutor.java:628)
at java.base/java.lang.Thread.run(Thread.java:834)
... Removed 13 stack frames]]>
    </failure>
  </testcase> <!-- loginwithCsvData -->
</testsuite> <!-- UI Automation Framework Test -->
